15:09:59 **** Incremental Build of configuration Debug for project tizen_gles_sample ****
ninja all 
[1/2] Building src/renderer/basic_renderer.o
In file included from ../src/renderer/basic_renderer.cpp:4:

In file included from C:/Users/Windows10/Desktop/dsajkljkl/tizen_gles_sample/inc\sample/launcher_interface.h:4:

In file included from C:/tizen-sdk/tools/smart-build-interface/../../platforms/tizen-2.4/mobile/rootstraps/mobile-2.4-device.core/usr/include/elementary-1\Elementary.h:169:

In file included from C:/tizen-sdk/tools/smart-build-interface/../../platforms/tizen-2.4/mobile/rootstraps/mobile-2.4-device.core/usr/include/elementary-1\elm_prefs.h:71:

C:/tizen-sdk/tools/smart-build-interface/../../platforms/tizen-2.4/mobile/rootstraps/mobile-2.4-device.core/usr/include/elementary-1/elm_prefs_common.h:34:1: warning: struct has size 0 in C, size 1 in C++ [-Wextern-c-compat]

struct _Elm_Prefs_Item_Spec_Void

^

../src/renderer/basic_renderer.cpp:663:14: warning: unused variable 'x_position' [-Wunused-variable]

static float x_position[11] , y_position[11];

             ^

../src/renderer/basic_renderer.cpp:663:31: warning: unused variable 'y_position' [-Wunused-variable]

static float x_position[11] , y_position[11];

                              ^

../src/renderer/basic_renderer.cpp:666:12: warning: unused variable 'my_numbers' [-Wunused-variable]

static int my_numbers[11] ={0,};

           ^

../src/renderer/basic_renderer.cpp:668:14: warning: unused variable 'g_x' [-Wunused-variable]

static float g_x[11] ={0,};

             ^

../src/renderer/basic_renderer.cpp:669:14: warning: unused variable 'g_y' [-Wunused-variable]

static float g_y[11] ={0,};

             ^

6 warnings generated.

[2/2] Linking tizen_gles_sample

15:10:02 Build Finished (took 3s.272ms)

